<?xml version="1.0" encoding="UTF-8"?>
<!-- Generated by org.testng.reporters.JUnitXMLReporter -->
<testsuite ignored="17" hostname="MACPK-WKS-0132" failures="0" tests="1" name="Default test" time="242.94" errors="0" timestamp="2020-12-12T21:55:51 PKT">
  <testcase classname="Master.RegressionExecution" name="DownloadMyTicket" time="207.56"/>
  <testcase classname="Master.RegressionExecution" name="validateEventIsPostponed" time="0.0">
    <ignored/>
  </testcase> <!-- validateEventIsPostponed -->
  <testcase classname="Master.RegressionExecution" name="validateBookingSingleDayEvent" time="0.0">
    <ignored/>
  </testcase> <!-- validateBookingSingleDayEvent -->
  <testcase classname="Master.RegressionExecution" name="validateProfileDataDeletion" time="0.0">
    <ignored/>
  </testcase> <!-- validateProfileDataDeletion -->
  <testcase classname="Master.RegressionExecution" name="VerifyAccount" time="0.0">
    <ignored/>
  </testcase> <!-- VerifyAccount -->
  <testcase classname="Master.RegressionExecution" name="validateBookingMultipleDayEvent" time="0.0">
    <ignored/>
  </testcase> <!-- validateBookingMultipleDayEvent -->
  <testcase classname="Master.RegressionExecution" name="EditProfile" time="0.0">
    <ignored/>
  </testcase> <!-- EditProfile -->
  <testcase classname="Master.RegressionExecution" name="validateEndingSalesOfAnEvent" time="0.0">
    <ignored/>
  </testcase> <!-- validateEndingSalesOfAnEvent -->
  <testcase classname="Master.RegressionExecution" name="validateProfileFeatures" time="0.0">
    <ignored/>
  </testcase> <!-- validateProfileFeatures -->
  <testcase classname="Master.RegressionExecution" name="validateCreateEventTestData" time="0.0">
    <ignored/>
  </testcase> <!-- validateCreateEventTestData -->
  <testcase classname="Master.RegressionExecution" name="validateBookingInstallmentsEvent" time="0.0">
    <ignored/>
  </testcase> <!-- validateBookingInstallmentsEvent -->
  <testcase classname="Master.RegressionExecution" name="validateEmailingAttendeesOfAnEvent" time="0.0">
    <ignored/>
  </testcase> <!-- validateEmailingAttendeesOfAnEvent -->
  <testcase classname="Master.RegressionExecution" name="validateErrorIsPresentOnInvalidCC" time="0.0">
    <ignored/>
  </testcase> <!-- validateErrorIsPresentOnInvalidCC -->
  <testcase classname="Master.RegressionExecution" name="validateEventDeletionTestData" time="0.0">
    <ignored/>
  </testcase> <!-- validateEventDeletionTestData -->
  <testcase classname="Master.RegressionExecution" name="validateEventDeletion" time="0.0">
    <ignored/>
  </testcase> <!-- validateEventDeletion -->
  <testcase classname="Master.RegressionExecution" name="validateSignUp" time="0.0">
    <ignored/>
  </testcase> <!-- validateSignUp -->
  <testcase classname="Master.RegressionExecution" name="ValidateLogin" time="0.0">
    <ignored/>
  </testcase> <!-- ValidateLogin -->
  <testcase classname="Master.RegressionExecution" name="validateCreateEvent" time="0.0">
    <ignored/>
  </testcase> <!-- validateCreateEvent -->
</testsuite> <!-- Default test -->
