<?xml version="1.0" encoding="UTF-8"?>
<testng-results ignored="17" total="18" passed="1" failed="0" skipped="0">
  <reporter-output>
  </reporter-output>
  <suite started-at="2020-12-12T21:51:48 PKT" name="Default suite" finished-at="2020-12-12T21:55:51 PKT" duration-ms="242940">
    <groups>
    </groups>
    <test started-at="2020-12-12T21:51:48 PKT" name="Default test" finished-at="2020-12-12T21:55:51 PKT" duration-ms="242940">
      <class name="Master.RegressionExecution">
        <test-method is-config="true" signature="SystmProperties()[pri:0, instance:Master.RegressionExecution@7722c3c3]" started-at="2020-12-12T21:51:47 PKT" name="SystmProperties" finished-at="2020-12-12T21:51:48 PKT" duration-ms="956" status="PASS">
          <reporter-output>
          </reporter-output>
        </test-method> <!-- SystmProperties -->
        <test-method is-config="true" signature="Startup()[pri:0, instance:Master.RegressionExecution@7722c3c3]" started-at="2020-12-12T21:51:48 PKT" name="Startup" finished-at="2020-12-12T21:52:21 PKT" duration-ms="32501" status="PASS">
          <reporter-output>
          </reporter-output>
        </test-method> <!-- Startup -->
        <test-method signature="DownloadMyTicket()[pri:18, instance:Master.RegressionExecution@7722c3c3]" started-at="2020-12-12T21:52:21 PKT" name="DownloadMyTicket" description="As an organizer I want to download my event" finished-at="2020-12-12T21:55:48 PKT" duration-ms="207560" status="PASS">
          <reporter-output>
          </reporter-output>
        </test-method> <!-- DownloadMyTicket -->
        <test-method is-config="true" signature="CloseBrowser()[pri:0, instance:Master.RegressionExecution@7722c3c3]" started-at="2020-12-12T21:55:49 PKT" name="CloseBrowser" finished-at="2020-12-12T21:55:50 PKT" duration-ms="1052" status="PASS">
          <reporter-output>
          </reporter-output>
        </test-method> <!-- CloseBrowser -->
        <test-method is-config="true" signature="getResult(org.testng.ITestResult)[pri:0, instance:Master.RegressionExecution@7722c3c3]" started-at="2020-12-12T21:55:50 PKT" name="getResult" finished-at="2020-12-12T21:55:51 PKT" duration-ms="1656" status="PASS">
          <params>
            <param index="0">
              <value>
                <![CDATA[[TestResult name=DownloadMyTicket status=SUCCESS method=RegressionExecution.DownloadMyTicket()[pri:18, instance:Master.RegressionExecution@7722c3c3] output={null}]]]>
              </value>
            </param>
          </params>
          <reporter-output>
          </reporter-output>
        </test-method> <!-- getResult -->
        <test-method is-config="true" signature="endReport()[pri:0, instance:Master.RegressionExecution@7722c3c3]" started-at="2020-12-12T21:55:51 PKT" name="endReport" finished-at="2020-12-12T21:55:51 PKT" duration-ms="0" status="PASS">
          <reporter-output>
          </reporter-output>
        </test-method> <!-- endReport -->
      </class> <!-- Master.RegressionExecution -->
    </test> <!-- Default test -->
  </suite> <!-- Default suite -->
</testng-results>
